<?xml version="1.0" encoding="UTF-8"?>
<testng-results skipped="0" failed="0" ignored="0" total="3" passed="3">
  <reporter-output>
  </reporter-output>
  <suite name="Hub Spot Test Suite" duration-ms="32825" started-at="2019-07-12T16:00:03Z" finished-at="2019-07-12T16:00:36Z">
    <groups>
    </groups>
    <test name="hub spot regression Test" duration-ms="32825" started-at="2019-07-12T16:00:03Z" finished-at="2019-07-12T16:00:36Z">
      <class name="com.qa.hubspot.tests.LoginTest">
        <test-method status="PASS" signature="setUp()[pri:0, instance:com.qa.hubspot.tests.LoginTest@3bb9a3ff]" name="setUp" is-config="true" duration-ms="10483" started-at="2019-07-12T16:00:03Z" finished-at="2019-07-12T16:00:13Z">
          <reporter-output>
          </reporter-output>
        </test-method> <!-- setUp -->
        <test-method status="PASS" signature="verifyLoginPageTitleTest()[pri:1, instance:com.qa.hubspot.tests.LoginTest@3bb9a3ff]" name="verifyLoginPageTitleTest" duration-ms="69" started-at="2019-07-12T16:00:14Z" finished-at="2019-07-12T16:00:14Z">
          <reporter-output>
          </reporter-output>
        </test-method> <!-- verifyLoginPageTitleTest -->
        <test-method status="PASS" signature="tearDown()[pri:0, instance:com.qa.hubspot.tests.LoginTest@3bb9a3ff]" name="tearDown" is-config="true" duration-ms="601" started-at="2019-07-12T16:00:14Z" finished-at="2019-07-12T16:00:14Z">
          <reporter-output>
          </reporter-output>
        </test-method> <!-- tearDown -->
        <test-method status="PASS" signature="setUp()[pri:0, instance:com.qa.hubspot.tests.LoginTest@3bb9a3ff]" name="setUp" is-config="true" duration-ms="9730" started-at="2019-07-12T16:00:14Z" finished-at="2019-07-12T16:00:24Z">
          <reporter-output>
          </reporter-output>
        </test-method> <!-- setUp -->
        <test-method status="PASS" signature="verifySignUpLinkTest()[pri:2, instance:com.qa.hubspot.tests.LoginTest@3bb9a3ff]" name="verifySignUpLinkTest" duration-ms="92" started-at="2019-07-12T16:00:24Z" finished-at="2019-07-12T16:00:24Z">
          <reporter-output>
          </reporter-output>
        </test-method> <!-- verifySignUpLinkTest -->
        <test-method status="PASS" signature="tearDown()[pri:0, instance:com.qa.hubspot.tests.LoginTest@3bb9a3ff]" name="tearDown" is-config="true" duration-ms="600" started-at="2019-07-12T16:00:24Z" finished-at="2019-07-12T16:00:25Z">
          <reporter-output>
          </reporter-output>
        </test-method> <!-- tearDown -->
        <test-method status="PASS" signature="setUp()[pri:0, instance:com.qa.hubspot.tests.LoginTest@3bb9a3ff]" name="setUp" is-config="true" duration-ms="9958" started-at="2019-07-12T16:00:25Z" finished-at="2019-07-12T16:00:35Z">
          <reporter-output>
          </reporter-output>
        </test-method> <!-- setUp -->
        <test-method status="PASS" signature="hubSpotLoginTest()[pri:3, instance:com.qa.hubspot.tests.LoginTest@3bb9a3ff]" name="hubSpotLoginTest" duration-ms="459" started-at="2019-07-12T16:00:35Z" finished-at="2019-07-12T16:00:35Z">
          <reporter-output>
          </reporter-output>
        </test-method> <!-- hubSpotLoginTest -->
        <test-method status="PASS" signature="tearDown()[pri:0, instance:com.qa.hubspot.tests.LoginTest@3bb9a3ff]" name="tearDown" is-config="true" duration-ms="604" started-at="2019-07-12T16:00:35Z" finished-at="2019-07-12T16:00:36Z">
          <reporter-output>
          </reporter-output>
        </test-method> <!-- tearDown -->
      </class> <!-- com.qa.hubspot.tests.LoginTest -->
    </test> <!-- hub spot regression Test -->
  </suite> <!-- Hub Spot Test Suite -->
</testng-results>
