<?xml version="1.0" encoding="UTF-8"?>
<!-- Generated by org.testng.reporters.JUnitXMLReporter -->
<testsuite hostname="LAPTOP-PV104NIV" ignored="0" name="hub spot regression Test" tests="3" failures="0" timestamp="12 Jul 2019 16:00:36 GMT" time="32.825" errors="0">
  <testcase name="verifyLoginPageTitleTest" time="0.069" classname="com.qa.hubspot.tests.LoginTest"/>
  <testcase name="verifySignUpLinkTest" time="0.092" classname="com.qa.hubspot.tests.LoginTest"/>
  <testcase name="hubSpotLoginTest" time="0.459" classname="com.qa.hubspot.tests.LoginTest"/>
</testsuite> <!-- hub spot regression Test -->
